  [1m[36m (1.5ms)[0m  [1mSELECT `schema_migrations`.`version` FROM `schema_migrations` [0m
Migrating to CreateArticles (20120918000913)
Migrating to CreateUsers (20120918001200)
Migrating to AddUserIdToArticles (20120918002530)
Migrating to CreateProfiles (20120918002855)
Migrating to CreateCategories (20120918004352)
Migrating to CreateArticlesCategories (20120918004443)
Migrating to CreateComments (20120918011906)
Migrating to RenamePasswordToHashedPassword (20120918025712)
Migrating to AddPublishedAtToArticles (20120919024331)
Migrating to AddSessionsTable (20120919032242)
Migrating to AddLastNameToUser (20121120131032)
Migrating to RemoveNameFromComments (20121121145359)
Migrating to RemoveEmailFromComments (20121121145446)
Migrating to AddUserIdToComments (20121121145539)
Migrating to AddFatherCommentIdToComments (20121121145630)
Migrating to RemoveUserIdFromProfile (20121121171202)
Migrating to AddProfileIdToUser (20121121171241)
Migrating to RemovePostdateFromArticle (20121126115159)
Migrating to RemoveAutorFromArticle (20121126175203)
  [1m[35m (419.6ms)[0m  ALTER TABLE `articles` DROP `autor`
  [1m[36m (22.5ms)[0m  [1mINSERT INTO `schema_migrations` (`version`) VALUES ('20121126175203')[0m
  [1m[35m (1.4ms)[0m  SELECT `schema_migrations`.`version` FROM `schema_migrations` 
  [1m[36m (1.6ms)[0m  [1mSELECT `schema_migrations`.`version` FROM `schema_migrations` [0m
Migrating to CreateArticles (20120918000913)
Migrating to CreateUsers (20120918001200)
Migrating to AddUserIdToArticles (20120918002530)
Migrating to CreateProfiles (20120918002855)
Migrating to CreateCategories (20120918004352)
Migrating to CreateArticlesCategories (20120918004443)
Migrating to CreateComments (20120918011906)
Migrating to RenamePasswordToHashedPassword (20120918025712)
Migrating to AddPublishedAtToArticles (20120919024331)
Migrating to AddSessionsTable (20120919032242)
Migrating to AddLastNameToUser (20121120131032)
Migrating to RemoveNameFromComments (20121121145359)
Migrating to RemoveEmailFromComments (20121121145446)
Migrating to AddUserIdToComments (20121121145539)
Migrating to AddFatherCommentIdToComments (20121121145630)
Migrating to RemoveUserIdFromProfile (20121121171202)
Migrating to AddProfileIdToUser (20121121171241)
Migrating to RemovePostdateFromArticle (20121126115159)
Migrating to RemoveAutorFromArticle (20121126175203)
  [1m[35m (1.6ms)[0m  SELECT `schema_migrations`.`version` FROM `schema_migrations` 
